0 info it worked if it ends with ok
1 verbose cli [ '/Users/PureWind/.nvm/versions/node/v4.0.0/bin/node',
1 verbose cli   '/Users/PureWind/.nvm/versions/node/v4.0.0/bin/npm',
1 verbose cli   'publish' ]
2 info using npm@2.14.2
3 info using node@v4.0.0
4 verbose publish [ '.' ]
5 silly cache add args [ '.', null ]
6 verbose cache add spec .
7 silly cache add parsed spec Result {
7 silly cache add   raw: '.',
7 silly cache add   scope: null,
7 silly cache add   name: null,
7 silly cache add   rawSpec: '.',
7 silly cache add   spec: '/Users/PureWind/Documents/githubProject/plib',
7 silly cache add   type: 'directory' }
8 verbose addLocalDirectory /Users/PureWind/.npm/plib/0.0.1/package.tgz not in flight; packing
9 verbose tar pack [ '/Users/PureWind/.npm/plib/0.0.1/package.tgz',
9 verbose tar pack   '/Users/PureWind/Documents/githubProject/plib' ]
10 verbose tarball /Users/PureWind/.npm/plib/0.0.1/package.tgz
11 verbose folder /Users/PureWind/Documents/githubProject/plib
12 info prepublish plib@0.0.1
13 verbose addLocalTarball adding from inside cache /Users/PureWind/.npm/plib/0.0.1/package.tgz
14 silly cache afterAdd plib@0.0.1
15 verbose afterAdd /Users/PureWind/.npm/plib/0.0.1/package/package.json not in flight; writing
16 verbose afterAdd /Users/PureWind/.npm/plib/0.0.1/package/package.json written
17 silly publish { name: 'plib',
17 silly publish   version: '0.0.1',
17 silly publish   description: 'A function for merge multiple objects by same keys',
17 silly publish   main: 'index.js',
17 silly publish   scripts: { test: 'mocha --require babel-core/register' },
17 silly publish   repository:
17 silly publish    { type: 'git',
17 silly publish      url: 'git+https://github.com/purepennons/plib.git' },
17 silly publish   keywords: [ 'merge', 'object', 'key', 'sum', 'merge', 'object' ],
17 silly publish   author: { name: 'Chiahao Lin' },
17 silly publish   license: 'MIT',
17 silly publish   bugs: { url: 'https://github.com/purepennons/plib/issues' },
17 silly publish   homepage: 'https://github.com/purepennons/plib#readme',
17 silly publish   devDependencies:
17 silly publish    { 'babel-core': '^6.1.2',
17 silly publish      'babel-preset-es2015': '^6.1.2',
17 silly publish      chai: '^3.4.1',
17 silly publish      isparta: '^3.5.3',
17 silly publish      mocha: '^2.3.3' },
17 silly publish   readme: '# plib\n[![Build Status](https://travis-ci.org/purepennons/plib.svg)](https://travis-ci.org/purepennons/plib)\n\nA function for merge multiple objects by same keys\n',
17 silly publish   readmeFilename: 'README.md',
17 silly publish   gitHead: '6e7ae06d463aafd8cc131fecadd68740dc525288',
17 silly publish   _id: 'plib@0.0.1',
17 silly publish   _shasum: '1dfadbaf7f783a8c265a49bda05931fc41dc4975',
17 silly publish   _from: '.' }
18 verbose getPublishConfig undefined
19 silly mapToRegistry name plib
20 silly mapToRegistry using default registry
21 silly mapToRegistry registry https://registry.npmjs.org/
22 silly mapToRegistry uri https://registry.npmjs.org/plib
23 verbose publish registryBase https://registry.npmjs.org/
24 silly publish uploading /Users/PureWind/.npm/plib/0.0.1/package.tgz
25 verbose request uri https://registry.npmjs.org/plib
26 verbose request sending authorization for write operation
27 info attempt registry request try #1 at 4:13:16 PM
28 verbose request using bearer token for auth
29 verbose request id 60743c4b2fd0fbd4
30 http request PUT https://registry.npmjs.org/plib
31 http 403 https://registry.npmjs.org/plib
32 verbose headers { 'content-type': 'application/json',
32 verbose headers   'cache-control': 'max-age=60',
32 verbose headers   'content-length': '95',
32 verbose headers   'accept-ranges': 'bytes',
32 verbose headers   date: 'Wed, 11 Nov 2015 08:13:17 GMT',
32 verbose headers   via: '1.1 varnish',
32 verbose headers   connection: 'keep-alive',
32 verbose headers   'x-served-by': 'cache-nrt6123-NRT',
32 verbose headers   'x-cache': 'MISS',
32 verbose headers   'x-cache-hits': '0',
32 verbose headers   'x-timer': 'S1447229596.567361,VS0,VE479' }
33 verbose request invalidating /Users/PureWind/.npm/registry.npmjs.org/plib on PUT
34 error publish Failed PUT 403
35 verbose stack Error: "You cannot publish over the previously published version 0.0.1." : plib
35 verbose stack     at makeError (/Users/PureWind/.nvm/versions/node/v4.0.0/lib/node_modules/npm/node_modules/npm-registry-client/lib/request.js:263:12)
35 verbose stack     at CachingRegistryClient.<anonymous> (/Users/PureWind/.nvm/versions/node/v4.0.0/lib/node_modules/npm/node_modules/npm-registry-client/lib/request.js:251:14)
35 verbose stack     at Request._callback (/Users/PureWind/.nvm/versions/node/v4.0.0/lib/node_modules/npm/node_modules/npm-registry-client/lib/request.js:171:14)
35 verbose stack     at Request.self.callback (/Users/PureWind/.nvm/versions/node/v4.0.0/lib/node_modules/npm/node_modules/request/request.js:198:22)
35 verbose stack     at emitTwo (events.js:87:13)
35 verbose stack     at Request.emit (events.js:172:7)
35 verbose stack     at Request.<anonymous> (/Users/PureWind/.nvm/versions/node/v4.0.0/lib/node_modules/npm/node_modules/request/request.js:1073:14)
35 verbose stack     at emitOne (events.js:82:20)
35 verbose stack     at Request.emit (events.js:169:7)
35 verbose stack     at IncomingMessage.<anonymous> (/Users/PureWind/.nvm/versions/node/v4.0.0/lib/node_modules/npm/node_modules/request/request.js:1019:12)
36 verbose statusCode 403
37 verbose pkgid plib
38 verbose cwd /Users/PureWind/Documents/githubProject/plib
39 error Darwin 15.0.0
40 error argv "/Users/PureWind/.nvm/versions/node/v4.0.0/bin/node" "/Users/PureWind/.nvm/versions/node/v4.0.0/bin/npm" "publish"
41 error node v4.0.0
42 error npm  v2.14.2
43 error code E403
44 error "You cannot publish over the previously published version 0.0.1." : plib
45 error If you need help, you may report this error at:
45 error     <https://github.com/npm/npm/issues>
46 verbose exit [ 1, true ]
